[2021-02-14T16:27:13.711] [DEBUG] cheese - login => username:zs,password:123456
[2021-02-14T16:27:13.712] [DEBUG] cheese - zs
[2021-02-14T16:27:13.721] [DEBUG] cheese - null
[2021-02-14T16:27:13.722] [DEBUG] cheese - null
[2021-02-22T21:23:53.925] [DEBUG] cheese - login => username:zs,password:123456
[2021-02-22T21:23:53.926] [DEBUG] cheese - zs
[2021-02-22T21:23:53.932] [DEBUG] cheese - login => username:zs,password:123456
[2021-02-22T21:23:53.932] [DEBUG] cheese - zs
[2021-02-22T21:23:53.941] [DEBUG] cheese - null
[2021-02-22T21:23:53.941] [DEBUG] cheese - null
[2021-02-22T21:23:53.947] [DEBUG] cheese - null
[2021-02-22T21:23:53.947] [DEBUG] cheese - null
[2021-02-22T21:23:54.027] [DEBUG] cheese - login => username:zs55,password:1235555
[2021-02-22T21:23:54.027] [DEBUG] cheese - zs55
[2021-02-22T21:23:54.028] [DEBUG] cheese - null
[2021-02-22T21:23:54.028] [DEBUG] cheese - null
[2021-02-22T21:24:20.119] [DEBUG] cheese - login => username:zs,password:123456
[2021-02-22T21:24:20.119] [DEBUG] cheese - zs
[2021-02-22T21:24:33.504] [DEBUG] cheese - null
[2021-02-22T21:24:33.504] [DEBUG] cheese - null
[2021-02-22T21:25:12.173] [DEBUG] cheese - login => username:zs,password:123456
[2021-02-22T21:25:12.175] [DEBUG] cheese - zs
[2021-02-22T21:25:12.184] [DEBUG] cheese - null
[2021-02-22T21:25:12.184] [DEBUG] cheese - null
[2021-02-22T21:25:19.883] [DEBUG] cheese - login => username:zs,password:123456
[2021-02-22T21:25:19.883] [DEBUG] cheese - zs
[2021-02-22T21:25:19.885] [DEBUG] cheese - null
[2021-02-22T21:25:19.885] [DEBUG] cheese - null
[2021-02-22T21:25:36.344] [DEBUG] cheese - login => username:zs,password:1234565555
[2021-02-22T21:25:36.344] [DEBUG] cheese - zs
[2021-02-22T21:25:36.348] [DEBUG] cheese - null
[2021-02-22T21:25:36.348] [DEBUG] cheese - null
[2021-02-22T21:26:08.019] [DEBUG] cheese - login => username:zs555,password:1234565555
[2021-02-22T21:26:08.019] [DEBUG] cheese - zs555
[2021-02-22T21:30:46.335] [DEBUG] cheese - login => username:zs555,password:1234565555
[2021-02-22T21:30:46.335] [DEBUG] cheese - zs555
[2021-02-22T21:30:46.337] [DEBUG] cheese - login => username:zs555,password:1234565555
[2021-02-22T21:30:46.337] [DEBUG] cheese - zs555
[2021-02-22T21:30:46.339] [DEBUG] cheese - login => username:zs555,password:1234565555
[2021-02-22T21:30:46.339] [DEBUG] cheese - zs555
[2021-02-22T21:30:46.341] [DEBUG] cheese - null
[2021-02-22T21:30:46.341] [DEBUG] cheese - null
[2021-02-22T21:30:46.344] [DEBUG] cheese - null
[2021-02-22T21:30:46.344] [DEBUG] cheese - null
[2021-02-22T21:30:46.345] [DEBUG] cheese - null
[2021-02-22T21:30:46.345] [DEBUG] cheese - null
[2021-02-22T21:30:46.346] [DEBUG] cheese - null
[2021-02-22T21:30:46.346] [DEBUG] cheese - null
[2021-02-22T21:31:44.862] [DEBUG] cheese - login => username:zs555,password:1234565555
[2021-02-22T21:31:44.864] [DEBUG] cheese - zs555
[2021-02-22T21:31:44.872] [DEBUG] cheese - null
[2021-02-22T21:31:44.872] [DEBUG] cheese - null
[2021-02-22T21:31:51.584] [DEBUG] cheese - login => username:zs555555666,password:1234565555
[2021-02-22T21:31:51.584] [DEBUG] cheese - zs555555666
[2021-02-22T21:31:51.586] [DEBUG] cheese - null
[2021-02-22T21:31:51.586] [DEBUG] cheese - null
[2021-02-22T21:32:08.417] [DEBUG] cheese - login => username:zs55,password:1235555
[2021-02-22T21:32:08.417] [DEBUG] cheese - zs55
[2021-02-22T21:32:08.419] [DEBUG] cheese - null
[2021-02-22T21:32:08.419] [DEBUG] cheese - null
[2021-02-22T21:32:09.178] [DEBUG] cheese - login => username:zs55,password:1235555
[2021-02-22T21:32:09.178] [DEBUG] cheese - zs55
[2021-02-22T21:32:09.180] [DEBUG] cheese - null
[2021-02-22T21:32:09.180] [DEBUG] cheese - null
[2021-02-22T21:32:09.385] [DEBUG] cheese - login => username:zs55,password:1235555
[2021-02-22T21:32:09.385] [DEBUG] cheese - zs55
[2021-02-22T21:32:09.388] [DEBUG] cheese - null
[2021-02-22T21:32:09.388] [DEBUG] cheese - null
[2021-02-22T21:32:09.536] [DEBUG] cheese - login => username:zs55,password:1235555
[2021-02-22T21:32:09.537] [DEBUG] cheese - zs55
[2021-02-22T21:32:09.538] [DEBUG] cheese - null
[2021-02-22T21:32:09.538] [DEBUG] cheese - null
[2021-02-22T21:32:09.699] [DEBUG] cheese - login => username:zs55,password:1235555
[2021-02-22T21:32:09.699] [DEBUG] cheese - zs55
[2021-02-22T21:32:09.702] [DEBUG] cheese - null
[2021-02-22T21:32:09.702] [DEBUG] cheese - null
[2021-02-22T21:32:09.850] [DEBUG] cheese - login => username:zs55,password:1235555
[2021-02-22T21:32:09.850] [DEBUG] cheese - zs55
[2021-02-22T21:32:09.852] [DEBUG] cheese - null
[2021-02-22T21:32:09.852] [DEBUG] cheese - null
[2021-02-22T21:33:47.786] [DEBUG] cheese - login => username:zs55,password:123666
[2021-02-22T21:33:47.787] [DEBUG] cheese - zs55
[2021-02-22T21:33:47.788] [DEBUG] cheese - null
[2021-02-22T21:33:47.788] [DEBUG] cheese - null
[2021-02-22T21:34:17.926] [DEBUG] cheese - login => username:zs66,password:1236666666
[2021-02-22T21:34:17.926] [DEBUG] cheese - zs66
[2021-02-22T21:34:17.927] [DEBUG] cheese - null
[2021-02-22T21:34:17.927] [DEBUG] cheese - null
[2021-02-22T21:37:25.105] [DEBUG] cheese - login => username:zs55,password:1236666
[2021-02-22T21:37:25.105] [DEBUG] cheese - zs55
[2021-02-22T21:37:25.107] [DEBUG] cheese - null
[2021-02-22T21:37:25.107] [DEBUG] cheese - null
[2021-02-22T21:37:36.000] [DEBUG] cheese - login => username:admin,password:123456
[2021-02-22T21:37:36.000] [DEBUG] cheese - admin
[2021-02-22T21:37:36.003] [DEBUG] cheese - null
[2021-02-22T21:37:36.003] [DEBUG] cheese - null
[2021-02-23T10:08:56.712] [DEBUG] cheese - login => username:zs555555666,password:1234565555
[2021-02-23T10:08:56.716] [DEBUG] cheese - zs555555666
[2021-02-23T10:08:56.731] [DEBUG] cheese - null
[2021-02-23T10:08:56.732] [DEBUG] cheese - null
[2021-02-23T10:09:43.607] [DEBUG] cheese - login => username:admin,password:123456
[2021-02-23T10:09:43.607] [DEBUG] cheese - admin
[2021-02-23T10:09:43.612] [DEBUG] cheese - null
[2021-02-23T10:09:43.613] [DEBUG] cheese - null
[2021-02-23T10:10:18.790] [DEBUG] cheese - login => username:zs55,password:12355555
[2021-02-23T10:10:18.790] [DEBUG] cheese - zs55
[2021-02-23T10:10:18.792] [DEBUG] cheese - null
[2021-02-23T10:10:18.792] [DEBUG] cheese - null
[2021-02-23T10:25:10.435] [DEBUG] cheese - login => username:zs11,password:12322222
[2021-02-23T10:25:10.435] [DEBUG] cheese - zs11
[2021-02-23T10:25:10.437] [DEBUG] cheese - null
[2021-02-23T10:25:10.437] [DEBUG] cheese - null
[2021-02-23T10:25:22.662] [DEBUG] cheese - login => username:admin,password:123456
[2021-02-23T10:25:22.662] [DEBUG] cheese - admin
[2021-02-23T10:25:22.663] [DEBUG] cheese - null
[2021-02-23T10:25:22.663] [DEBUG] cheese - null
[2021-02-23T10:36:08.845] [DEBUG] cheese - login => username:admin,password:123456
[2021-02-23T10:36:08.845] [DEBUG] cheese - admin
[2021-02-23T10:36:08.847] [DEBUG] cheese - null
[2021-02-23T10:36:08.847] [DEBUG] cheese - null
[2021-02-23T10:38:32.144] [DEBUG] cheese - login => username:admin,password:123456
[2021-02-23T10:38:32.144] [DEBUG] cheese - admin
[2021-02-23T10:38:32.146] [DEBUG] cheese - null
[2021-02-23T10:38:32.146] [DEBUG] cheese - null
[2021-02-23T10:43:15.309] [DEBUG] cheese - login => username:admin,password:123456
[2021-02-23T10:43:15.310] [DEBUG] cheese - admin
[2021-02-23T10:43:15.312] [DEBUG] cheese - null
[2021-02-23T10:43:15.312] [DEBUG] cheese - null
[2021-02-23T11:06:17.329] [DEBUG] cheese - login => username:admin,password:123456
[2021-02-23T11:06:17.329] [DEBUG] cheese - admin
[2021-02-23T11:06:17.331] [DEBUG] cheese - null
[2021-02-23T11:06:17.331] [DEBUG] cheese - null
[2021-02-23T11:06:59.650] [DEBUG] cheese - login => username:hhhh,password:123456
[2021-02-23T11:06:59.650] [DEBUG] cheese - hhhh
[2021-02-23T11:06:59.651] [DEBUG] cheese - null
[2021-02-23T11:06:59.651] [DEBUG] cheese - null
[2021-02-23T11:11:38.500] [DEBUG] cheese - login => username:admin,password:123456
[2021-02-23T11:11:38.500] [DEBUG] cheese - admin
[2021-02-23T11:11:38.502] [DEBUG] cheese - null
[2021-02-23T11:11:38.502] [DEBUG] cheese - null
[2021-02-23T11:14:35.483] [DEBUG] cheese - login => username:admin,password:123456
[2021-02-23T11:14:35.483] [DEBUG] cheese - admin
[2021-02-23T11:14:35.485] [DEBUG] cheese - null
[2021-02-23T11:14:35.485] [DEBUG] cheese - null
[2021-02-23T11:14:53.122] [DEBUG] cheese - login => username:admin,password:123456
[2021-02-23T11:14:53.122] [DEBUG] cheese - admin
[2021-02-23T11:14:53.123] [DEBUG] cheese - null
[2021-02-23T11:14:53.123] [DEBUG] cheese - null
[2021-02-23T11:22:05.370] [DEBUG] cheese - login => username:admin,password:123456
[2021-02-23T11:22:05.370] [DEBUG] cheese - admin
[2021-02-23T11:22:05.372] [DEBUG] cheese - null
[2021-02-23T11:22:05.372] [DEBUG] cheese - null
[2021-02-23T12:19:32.177] [DEBUG] cheese - login => username:admin,password:123456
[2021-02-23T12:19:32.178] [DEBUG] cheese - admin
[2021-02-23T12:19:32.179] [DEBUG] cheese - null
[2021-02-23T12:19:32.179] [DEBUG] cheese - null
[2021-02-23T13:46:47.398] [DEBUG] cheese - login => username:admin,password:123456
[2021-02-23T13:46:47.398] [DEBUG] cheese - admin
[2021-02-23T13:46:47.400] [DEBUG] cheese - null
[2021-02-23T13:46:47.400] [DEBUG] cheese - null
[2021-02-23T13:47:46.132] [DEBUG] cheese - login => username:admin,password:123456
[2021-02-23T13:47:46.132] [DEBUG] cheese - admin
[2021-02-23T13:47:46.134] [DEBUG] cheese - null
[2021-02-23T13:47:46.134] [DEBUG] cheese - null
[2021-02-23T13:58:55.198] [DEBUG] cheese - login => username:admin,password:123456
[2021-02-23T13:58:55.198] [DEBUG] cheese - admin
[2021-02-23T13:58:55.201] [DEBUG] cheese - null
[2021-02-23T13:58:55.201] [DEBUG] cheese - null
[2021-02-24T14:25:21.598] [DEBUG] cheese - login => username:admin,password:123456
[2021-02-24T14:25:21.599] [DEBUG] cheese - admin
[2021-02-24T14:25:21.607] [DEBUG] cheese - null
[2021-02-24T14:25:21.607] [DEBUG] cheese - null
[2021-02-24T19:44:19.350] [DEBUG] cheese - null
[2021-02-24T19:46:32.534] [DEBUG] cheese - null
[2021-02-24T19:46:35.422] [DEBUG] cheese - null
[2021-02-25T10:53:51.880] [DEBUG] cheese - login => username:admin,password:123456
[2021-02-25T10:53:51.881] [DEBUG] cheese - admin
[2021-02-25T10:53:51.889] [DEBUG] cheese - null
[2021-02-25T10:53:51.889] [DEBUG] cheese - null
[2021-02-25T16:42:40.991] [DEBUG] cheese - login => username:admin,password:123456
[2021-02-25T16:42:40.992] [DEBUG] cheese - admin
[2021-02-25T16:42:40.996] [DEBUG] cheese - null
[2021-02-25T16:42:40.997] [DEBUG] cheese - null
[2021-02-25T18:55:15.850] [DEBUG] cheese - login => username:admin,password:123456
[2021-02-25T18:55:15.851] [DEBUG] cheese - admin
[2021-02-25T18:55:15.855] [DEBUG] cheese - null
[2021-02-25T18:55:15.855] [DEBUG] cheese - null
[2021-02-25T19:48:08.783] [DEBUG] cheese - login => username:admin,password:123456
[2021-02-25T19:48:08.784] [DEBUG] cheese - admin
[2021-02-25T19:48:08.787] [DEBUG] cheese - null
[2021-02-25T19:48:08.787] [DEBUG] cheese - null
[2021-02-25T21:54:23.344] [DEBUG] cheese - null
[2021-02-26T10:28:04.753] [DEBUG] cheese - login => username:admin,password:123456
[2021-02-26T10:28:04.754] [DEBUG] cheese - admin
[2021-02-26T10:28:04.763] [DEBUG] cheese - null
[2021-02-26T10:28:04.764] [DEBUG] cheese - null
[2021-02-26T12:28:57.834] [DEBUG] cheese - login => username:admin,password:123456
[2021-02-26T12:28:57.835] [DEBUG] cheese - admin
[2021-02-26T12:28:57.842] [DEBUG] cheese - null
[2021-02-26T12:28:57.842] [DEBUG] cheese - null
[2021-02-27T10:02:21.737] [DEBUG] cheese - login => username:admin,password:123456
[2021-02-27T10:02:21.738] [DEBUG] cheese - admin
[2021-02-27T10:02:21.750] [DEBUG] cheese - null
[2021-02-27T10:02:21.750] [DEBUG] cheese - null
[2021-02-27T22:49:04.948] [DEBUG] cheese - null
[2021-02-28T12:56:59.312] [DEBUG] cheese - login => username:admin,password:123456
[2021-02-28T12:56:59.313] [DEBUG] cheese - admin
[2021-02-28T12:56:59.324] [DEBUG] cheese - null
[2021-02-28T12:56:59.324] [DEBUG] cheese - null
[2021-02-28T15:14:27.543] [DEBUG] cheese - login => username:admin,password:123456
[2021-02-28T15:14:27.544] [DEBUG] cheese - admin
[2021-02-28T15:14:27.554] [DEBUG] cheese - null
[2021-02-28T15:14:27.554] [DEBUG] cheese - null
[2021-02-28T17:11:07.695] [DEBUG] cheese - login => username:admin,password:123456
[2021-02-28T17:11:07.696] [DEBUG] cheese - admin
[2021-02-28T17:11:07.699] [DEBUG] cheese - null
[2021-02-28T17:11:07.699] [DEBUG] cheese - null
[2021-02-28T18:20:10.957] [DEBUG] cheese - login => username:admin,password:123456
[2021-02-28T18:20:10.959] [DEBUG] cheese - admin
[2021-02-28T18:20:10.962] [DEBUG] cheese - null
[2021-02-28T18:20:10.963] [DEBUG] cheese - null
[2021-02-28T19:39:08.128] [DEBUG] cheese - login => username:admin,password:123456
[2021-02-28T19:39:08.129] [DEBUG] cheese - admin
[2021-02-28T19:39:08.131] [DEBUG] cheese - null
[2021-02-28T19:39:08.131] [DEBUG] cheese - null
[2021-03-01T10:34:50.944] [DEBUG] cheese - login => username:admin,password:123456
[2021-03-01T10:34:50.945] [DEBUG] cheese - admin
[2021-03-01T10:34:50.957] [DEBUG] cheese - null
[2021-03-01T10:34:50.957] [DEBUG] cheese - null
[2021-03-01T10:50:19.555] [DEBUG] cheese - null
[2021-03-01T10:51:20.178] [DEBUG] cheese - login => username:admin,password:123456
[2021-03-01T10:51:20.178] [DEBUG] cheese - admin
[2021-03-01T10:51:20.181] [DEBUG] cheese - null
[2021-03-01T10:51:20.181] [DEBUG] cheese - null
[2021-03-01T11:21:26.141] [DEBUG] cheese - login => username:admin,password:123456
[2021-03-01T11:21:26.141] [DEBUG] cheese - admin
[2021-03-01T11:21:26.143] [DEBUG] cheese - null
[2021-03-01T11:21:26.143] [DEBUG] cheese - null
[2021-03-01T13:47:29.010] [DEBUG] cheese - login => username:admin,password:123456
[2021-03-01T13:47:29.010] [DEBUG] cheese - admin
[2021-03-01T13:47:29.013] [DEBUG] cheese - null
[2021-03-01T13:47:29.013] [DEBUG] cheese - null
[2021-03-01T14:09:42.350] [DEBUG] cheese - login => username:admin,password:123456
[2021-03-01T14:09:42.350] [DEBUG] cheese - admin
[2021-03-01T14:09:42.352] [DEBUG] cheese - null
[2021-03-01T14:09:42.352] [DEBUG] cheese - null
[2021-03-01T14:20:50.208] [DEBUG] cheese - login => username:admin,password:123456
[2021-03-01T14:20:50.209] [DEBUG] cheese - admin
[2021-03-01T14:20:50.212] [DEBUG] cheese - null
[2021-03-01T14:20:50.213] [DEBUG] cheese - null
[2021-03-01T14:31:29.184] [DEBUG] cheese - login => username:admin,password:123456
[2021-03-01T14:31:29.184] [DEBUG] cheese - admin
[2021-03-01T14:31:29.187] [DEBUG] cheese - null
[2021-03-01T14:31:29.187] [DEBUG] cheese - null
[2021-03-01T14:39:52.050] [DEBUG] cheese - login => username:admin,password:123456
[2021-03-01T14:39:52.050] [DEBUG] cheese - admin
[2021-03-01T14:39:52.052] [DEBUG] cheese - null
[2021-03-01T14:39:52.052] [DEBUG] cheese - null
[2021-03-01T14:57:10.841] [DEBUG] cheese - login => username:admin,password:123456
[2021-03-01T14:57:10.843] [DEBUG] cheese - admin
[2021-03-01T14:57:10.851] [DEBUG] cheese - null
[2021-03-01T14:57:10.851] [DEBUG] cheese - null
[2021-03-01T15:05:50.732] [DEBUG] cheese - login => username:admin,password:123456
[2021-03-01T15:05:50.732] [DEBUG] cheese - admin
[2021-03-01T15:05:50.735] [DEBUG] cheese - null
[2021-03-01T15:05:50.735] [DEBUG] cheese - null
[2021-03-01T15:07:18.030] [DEBUG] cheese - login => username:admin,password:123456
[2021-03-01T15:07:18.030] [DEBUG] cheese - admin
[2021-03-01T15:07:18.034] [DEBUG] cheese - null
[2021-03-01T15:07:18.034] [DEBUG] cheese - null
[2021-03-01T15:07:30.637] [DEBUG] cheese - login => username:admin,password:123456
[2021-03-01T15:07:30.637] [DEBUG] cheese - admin
[2021-03-01T15:07:30.639] [DEBUG] cheese - null
[2021-03-01T15:07:30.639] [DEBUG] cheese - null
[2021-03-01T15:09:54.083] [DEBUG] cheese - login => username:admin,password:123456
[2021-03-01T15:09:54.083] [DEBUG] cheese - admin
[2021-03-01T15:09:54.085] [DEBUG] cheese - null
[2021-03-01T15:09:54.085] [DEBUG] cheese - null
